<?xml version="1.0" encoding="UTF-8"?>
<!-- Generated by org.testng.reporters.JUnitXMLReporter -->
<testsuite ignored="0" hostname="DESKTOP-065BF1N" failures="0" tests="4" name="Test2" time="0.013" errors="0" timestamp="17 Mar 2024 17:45:09 GMT">
  <testcase classname="pack1.Class1" name="abc" time="0.001"/>
  <testcase classname="pack1.Class1" name="xyz" time="0.001"/>
  <testcase classname="pack1.Class2" name="abcd" time="0.001"/>
  <testcase classname="pack1.Class2" name="xyz" time="0.001"/>
</testsuite> <!-- Test2 -->
