<?xml version="1.0" encoding="UTF-8"?>
<testng-results ignored="0" total="4" passed="4" failed="0" skipped="0">
  <reporter-output>
  </reporter-output>
  <suite started-at="2024-04-17T09:27:05Z" name="mysuite" finished-at="2024-04-17T09:27:39Z" duration-ms="34315">
    <groups>
    </groups>
    <test started-at="2024-04-17T09:27:05Z" name="chrome test" finished-at="2024-04-17T09:27:34Z" duration-ms="29409">
      <class name="day_37.ParamTest">
        <test-method is-config="true" signature="setup(java.lang.String, java.lang.String)[pri:0, instance:day_37.ParamTest@71e9ebae]" started-at="2024-04-17T09:27:05Z" name="setup" finished-at="2024-04-17T09:27:34Z" duration-ms="28854" status="PASS">
          <params>
            <param index="0">
              <value>
                <![CDATA[chrome]]>
              </value>
            </param>
            <param index="1">
              <value>
                <![CDATA[https://opensource-demo.orangehrmlive.com/]]>
              </value>
            </param>
          </params>
          <reporter-output>
          </reporter-output>
        </test-method> <!-- setup -->
        <test-method signature="testLogo()[pri:1, instance:day_37.ParamTest@71e9ebae]" started-at="2024-04-17T09:27:34Z" name="testLogo" finished-at="2024-04-17T09:27:34Z" duration-ms="119" status="PASS">
          <reporter-output>
          </reporter-output>
        </test-method> <!-- testLogo -->
        <test-method signature="testHomePageTitle()[pri:2, instance:day_37.ParamTest@71e9ebae]" started-at="2024-04-17T09:27:34Z" name="testHomePageTitle" finished-at="2024-04-17T09:27:34Z" duration-ms="17" status="PASS">
          <reporter-output>
          </reporter-output>
        </test-method> <!-- testHomePageTitle -->
        <test-method is-config="true" signature="closeApp()[pri:0, instance:day_37.ParamTest@71e9ebae]" started-at="2024-04-17T09:27:34Z" name="closeApp" finished-at="2024-04-17T09:27:34Z" duration-ms="372" status="PASS">
          <reporter-output>
          </reporter-output>
        </test-method> <!-- closeApp -->
      </class> <!-- day_37.ParamTest -->
    </test> <!-- chrome test -->
    <test started-at="2024-04-17T09:27:05Z" name="edge test" finished-at="2024-04-17T09:27:39Z" duration-ms="34315">
      <class name="day_37.ParamTest">
        <test-method is-config="true" signature="setup(java.lang.String, java.lang.String)[pri:0, instance:day_37.ParamTest@20c0a64d]" started-at="2024-04-17T09:27:05Z" name="setup" finished-at="2024-04-17T09:27:39Z" duration-ms="33780" status="PASS">
          <params>
            <param index="0">
              <value>
                <![CDATA[edge]]>
              </value>
            </param>
            <param index="1">
              <value>
                <![CDATA[https://opensource-demo.orangehrmlive.com/]]>
              </value>
            </param>
          </params>
          <reporter-output>
          </reporter-output>
        </test-method> <!-- setup -->
        <test-method signature="testLogo()[pri:1, instance:day_37.ParamTest@20c0a64d]" started-at="2024-04-17T09:27:39Z" name="testLogo" finished-at="2024-04-17T09:27:39Z" duration-ms="122" status="PASS">
          <reporter-output>
          </reporter-output>
        </test-method> <!-- testLogo -->
        <test-method signature="testHomePageTitle()[pri:2, instance:day_37.ParamTest@20c0a64d]" started-at="2024-04-17T09:27:39Z" name="testHomePageTitle" finished-at="2024-04-17T09:27:39Z" duration-ms="16" status="PASS">
          <reporter-output>
          </reporter-output>
        </test-method> <!-- testHomePageTitle -->
        <test-method is-config="true" signature="closeApp()[pri:0, instance:day_37.ParamTest@20c0a64d]" started-at="2024-04-17T09:27:39Z" name="closeApp" finished-at="2024-04-17T09:27:39Z" duration-ms="365" status="PASS">
          <reporter-output>
          </reporter-output>
        </test-method> <!-- closeApp -->
      </class> <!-- day_37.ParamTest -->
    </test> <!-- edge test -->
  </suite> <!-- mysuite -->
</testng-results>
